10.000000 2.098290
30.000000 1.903321
50.000000 1.748810
70.000000 1.695169
90.000000 1.627275
110.000000 1.549890
130.000000 1.497510
150.000000 1.409722
170.000000 1.349530
190.000000 1.294879
210.000000 1.265063
230.000000 1.245649
250.000000 1.215693
270.000000 1.164733
290.000000 1.117063
310.000000 1.093719
330.000000 1.065893
350.000000 1.044059
370.000000 1.012182
390.000000 0.983367
410.000000 0.962202
430.000000 0.934047
450.000000 0.922304
470.000000 0.911802
490.000000 0.899400
510.000000 0.880526
530.000000 0.862993
550.000000 0.855091
570.000000 0.823805
590.000000 0.806661
610.000000 0.795219
630.000000 0.775175
650.000000 0.769894
670.000000 0.754631
690.000000 0.757692
710.000000 0.746779
730.000000 0.736937
750.000000 0.728646
770.000000 0.704811
790.000000 0.679396
810.000000 0.674385
830.000000 0.667894
850.000000 0.663243
870.000000 0.659872
890.000000 0.641818
910.000000 0.629336
930.000000 0.606911
950.000000 0.594759
970.000000 0.590548
990.000000 0.581406
