0.050000 0.880000
0.150000 0.920000
0.250000 0.840000
0.350000 0.680000
0.450000 0.860000
0.550000 0.590000
0.650000 0.480000
0.750000 0.500000
0.850000 0.290000
0.950000 0.330000
1.050000 0.340000
1.150000 0.320000
1.250000 0.320000
1.350000 0.200000
1.450000 0.260000
1.550000 0.220000
1.650000 0.250000
1.750000 0.210000
1.850000 0.170000
1.950000 0.130000
2.050000 0.110000
2.150000 0.120000
2.250000 0.130000
2.350000 0.120000
2.450000 0.040000
2.550000 0.060000
2.650000 0.100000
2.750000 0.040000
2.850000 0.040000
2.950000 0.070000
3.050000 0.030000
3.150000 0.040000
3.250000 0.020000
3.350000 0.040000
3.450000 0.020000
3.550000 0.020000
3.650000 0.000000
3.750000 0.010000
3.850000 0.000000
3.950000 0.020000
4.050000 0.020000
4.150000 0.020000
4.250000 0.020000
4.350000 0.000000
4.450000 0.000000
4.550000 0.000000
4.650000 0.000000
4.750000 0.010000
4.850000 0.000000
4.950000 0.010000
5.050000 0.000000
5.150000 0.020000
5.250000 0.030000
5.350000 0.000000
5.450000 0.010000
5.550000 0.000000
5.650000 0.010000
5.750000 0.010000
5.850000 0.010000
5.950000 0.000000
6.050000 0.000000
6.150000 0.000000
6.250000 0.000000
6.350000 0.000000
6.450000 0.000000
6.550000 0.000000
6.650000 0.000000
6.750000 0.010000
6.850000 0.000000
6.950000 0.000000
7.050000 0.000000
7.150000 0.000000
7.250000 0.000000
7.350000 0.000000
7.450000 0.000000
7.550000 0.000000
7.650000 0.000000
7.750000 0.000000
7.850000 0.000000
7.950000 0.000000
8.050000 0.000000
8.150000 0.000000
8.250000 0.000000
8.350000 0.000000
8.450000 0.000000
8.550000 0.000000
8.650000 0.000000
8.750000 0.000000
8.850000 0.000000
8.950000 0.000000
9.050000 0.000000
9.150000 0.000000
9.250000 0.000000
9.350000 0.000000
9.450000 0.000000
9.550000 0.000000
9.650000 0.000000
9.750000 0.000000
9.850000 0.000000
9.950000 0.000000
