0.016667 0.000000
0.050000 0.000000
0.083333 0.000000
0.116667 0.000000
0.150000 0.000000
0.183333 0.000000
0.216667 0.000000
0.250000 0.000000
0.283333 0.000000
0.316667 0.000000
0.350000 0.000000
0.383333 0.000000
0.416667 0.000000
0.450000 0.000000
0.483333 0.000000
0.516667 0.000000
0.550000 0.000000
0.583333 0.000000
0.616667 0.000000
0.650000 0.000000
0.683333 0.000000
0.716667 0.000000
0.750000 0.000000
0.783333 0.000000
0.816667 0.000000
0.850000 0.000000
0.883333 0.000000
0.916667 0.000000
0.950000 0.000000
0.983333 0.000000
1.016667 0.000000
1.050000 0.000000
1.083333 0.000000
1.116667 0.000000
1.150000 0.000000
1.183333 0.000000
1.216667 0.000000
1.250000 0.000000
1.283333 0.000000
1.316667 0.000000
1.350000 0.000000
1.383333 0.000000
1.416667 0.000000
1.450000 0.000000
1.483333 0.000000
1.516667 0.000000
1.550000 0.000000
1.583333 0.000000
1.616667 0.000000
1.650000 0.000000
1.683333 0.000000
1.716667 0.000000
1.750000 0.000000
1.783333 0.000000
1.816667 0.000000
1.850000 0.000000
1.883333 0.000000
1.916667 0.000000
1.950000 0.000000
1.983333 0.000000
2.016667 0.000000
2.050000 0.000000
2.083333 0.000000
2.116667 0.000000
2.150000 0.000000
2.183333 0.000000
2.216667 0.000000
2.250000 0.000000
2.283333 0.000000
2.316667 0.000000
2.350000 0.000000
2.383333 0.000000
2.416667 0.000000
2.450000 0.000000
2.483333 0.000000
2.516667 0.000000
2.550000 0.000000
2.583333 0.000000
2.616667 0.000000
2.650000 0.000000
2.683333 0.000000
2.716667 0.000000
2.750000 0.000000
2.783333 0.000000
2.816667 0.000000
2.850000 0.000000
2.883333 0.000000
2.916667 0.000000
2.950000 0.000000
2.983333 0.000000
3.016667 0.000000
3.050000 0.000000
3.083333 0.000000
3.116667 0.000000
3.150000 0.000000
3.183333 0.000000
3.216667 0.000000
3.250000 0.000000
3.283333 0.000000
3.316667 0.000000
