0.005000 0.976600
0.015000 0.976400
0.025000 0.976600
0.035000 1.074300
0.045000 0.976600
0.055000 1.074000
0.065000 0.976400
0.075000 0.976600
0.085000 0.976700
0.095000 0.976800
0.105000 0.976600
0.115000 1.073900
0.125000 0.976300
0.135000 1.074400
0.145000 0.976700
0.155000 0.976800
0.165000 0.976400
0.175000 0.976500
0.185000 0.976400
0.195000 1.074200
0.205000 0.976600
0.215000 1.074400
0.225000 0.976500
0.235000 0.976500
0.245000 0.976400
0.255000 0.976700
0.265000 0.976700
0.275000 0.976500
0.285000 1.074100
0.295000 0.976400
0.305000 1.074200
0.315000 0.976600
0.325000 0.976800
0.335000 0.976500
0.345000 0.976600
0.355000 0.976200
0.365000 1.074100
0.375000 0.976600
0.385000 1.074400
0.395000 0.976600
0.405000 0.976400
0.415000 0.976600
0.425000 0.976400
0.435000 0.976600
0.445000 1.074300
0.455000 0.976800
0.465000 1.074000
0.475000 0.976500
0.485000 0.976500
0.495000 0.976700
0.505000 0.976600
0.515000 0.976700
0.525000 0.976400
0.535000 1.074200
0.545000 0.976500
0.555000 1.074300
0.565000 0.976800
0.575000 0.976600
0.585000 0.976300
0.595000 0.976400
0.605000 0.976700
0.615000 1.074400
0.625000 0.976800
0.635000 1.074100
0.645000 0.976400
0.655000 0.976300
0.665000 0.976700
0.675000 0.976600
0.685000 0.976800
0.695000 1.074300
0.705000 0.976400
0.715000 1.074100
0.725000 0.976800
0.735000 0.976500
0.745000 0.976700
0.755000 0.976500
0.765000 0.976400
0.775000 0.976600
0.785000 1.074300
0.795000 0.976800
0.805000 1.074200
0.815000 0.976500
0.825000 0.976300
0.835000 0.976700
0.845000 0.976500
0.855000 0.976800
0.865000 1.074300
0.875000 0.976600
0.885000 1.074000
0.895000 0.976600
0.905000 0.976700
0.915000 0.976600
0.925000 0.976800
0.935000 0.976400
0.945000 1.074200
0.955000 0.976400
0.965000 1.074300
0.975000 0.976500
0.985000 0.976900
0.995000 0.976300
