

*******************************************************************************
Mon Feb 20 17:29:20 2023


FIT:    data read from "max_subarray.dat" using 0:1
        format = x:z
        #datapoints = 9
        residuals are weighted equally (unit weight)

function used for fitting: f(x)
	f(x) = a*exp(b*x)
fitted parameters initialized with current variable values

iter      chisq       delta/lim  lambda   a             b            
   0 6.5012457360e+07   0.00e+00  6.01e+03    1.000000e+00   1.000000e+00
 115 1.2636676192e+06  -9.48e-04  6.01e-03    8.981899e+00   8.790326e-01

After 115 iterations the fit converged.
final sum of squares of residuals : 1.26367e+06
rel. change during last iteration : -9.47792e-09

degrees of freedom    (FIT_NDF)                        : 7
rms of residuals      (FIT_STDFIT) = sqrt(WSSR/ndf)    : 424.881
variance of residuals (reduced chisquare) = WSSR/ndf   : 180524

Final set of parameters            Asymptotic Standard Error
=======================            ==========================
a               = 8.9819           +/- 5.297        (58.98%)
b               = 0.879033         +/- 0.07527      (8.563%)

correlation matrix of the fit parameters:
                a      b      
a               1.000 
b              -0.998  1.000 


*******************************************************************************
Mon Feb 20 17:32:03 2023


FIT:    data read from "max_subarray.dat" using 0:3
        format = x:z
        #datapoints = 9
        residuals are weighted equally (unit weight)

function used for fitting: g(x)
	g(x) = a*exp(b*x)
fitted parameters initialized with current variable values

iter      chisq       delta/lim  lambda   a             b            
   0 1.2484533083e+08   0.00e+00  1.83e+04    8.981899e+00   8.790326e-01
  10 2.0129299563e+00  -1.94e-02  1.83e-06    1.134340e+00   2.202786e-01

After 10 iterations the fit converged.
final sum of squares of residuals : 2.01293
rel. change during last iteration : -1.94303e-07

degrees of freedom    (FIT_NDF)                        : 7
rms of residuals      (FIT_STDFIT) = sqrt(WSSR/ndf)    : 0.536248
variance of residuals (reduced chisquare) = WSSR/ndf   : 0.287561

Final set of parameters            Asymptotic Standard Error
=======================            ==========================
a               = 1.13434          +/- 0.1974       (17.41%)
b               = 0.220279         +/- 0.02621      (11.9%)

correlation matrix of the fit parameters:
                a      b      
a               1.000 
b              -0.960  1.000 


*******************************************************************************
Mon Feb 20 18:44:03 2023


FIT:    data read from "max_subarray.dat" using 0:1
        format = x:z
        #datapoints = 9
        residuals are weighted equally (unit weight)

function used for fitting: f(x)
	f(x) = a+b*log(x)
fitted parameters initialized with current variable values


Current data point
=========================
#               = 1 out of 9
x               = 1              
z               = 10             

Current set of parameters
=========================
a               = 1              
b               = 1              

BREAK: Undefined value during function evaluation

*******************************************************************************
Mon Feb 20 18:44:17 2023


FIT:    data read from "max_subarray.dat" using 1:2
        format = x:z
        #datapoints = 9
        residuals are weighted equally (unit weight)

function used for fitting: f(x)
	f(x) = a+b*log(x)
fitted parameters initialized with current variable values

iter      chisq       delta/lim  lambda   a             b            
   0 2.1389539690e+05   0.00e+00  4.29e+00    1.000000e+00   1.000000e+00
   4 1.3748818014e+03  -1.47e-02  4.29e-04   -6.468494e+01   3.651112e+01

After 4 iterations the fit converged.
final sum of squares of residuals : 1374.88
rel. change during last iteration : -1.47185e-07

degrees of freedom    (FIT_NDF)                        : 7
rms of residuals      (FIT_STDFIT) = sqrt(WSSR/ndf)    : 14.0147
variance of residuals (reduced chisquare) = WSSR/ndf   : 196.412

Final set of parameters            Asymptotic Standard Error
=======================            ==========================
a               = -64.6849         +/- 12.48        (19.29%)
b               = 36.5111          +/- 2.085        (5.71%)

correlation matrix of the fit parameters:
                a      b      
a               1.000 
b              -0.927  1.000 


*******************************************************************************
Mon Feb 20 18:44:32 2023


FIT:    data read from "max_subarray.dat" using 1:2
        format = x:z
        #datapoints = 9
        residuals are weighted equally (unit weight)

function used for fitting: f(x)
	f(x) = a+b*log(x)
fitted parameters initialized with current variable values

iter      chisq       delta/lim  lambda   a             b            
   0 1.3748818014e+03   0.00e+00  1.61e+02   -6.468494e+01   3.651112e+01
   1 1.3748818014e+03  -1.82e-10  1.61e+01   -6.468494e+01   3.651112e+01

After 1 iterations the fit converged.
final sum of squares of residuals : 1374.88
rel. change during last iteration : -1.81915e-15

degrees of freedom    (FIT_NDF)                        : 7
rms of residuals      (FIT_STDFIT) = sqrt(WSSR/ndf)    : 14.0147
variance of residuals (reduced chisquare) = WSSR/ndf   : 196.412

Final set of parameters            Asymptotic Standard Error
=======================            ==========================
a               = -64.6849         +/- 12.48        (19.29%)
b               = 36.5111          +/- 2.085        (5.71%)

correlation matrix of the fit parameters:
                a      b      
a               1.000 
b              -0.927  1.000 


*******************************************************************************
Mon Feb 20 18:45:19 2023


FIT:    data read from "data.dat" using 1:2
        format = x:z
        #datapoints = 12
        residuals are weighted equally (unit weight)

function used for fitting: f(x)
	f(x) = a+b*log(x)
fitted parameters initialized with current variable values

iter      chisq       delta/lim  lambda   a             b            
   0 1.0308639555e+06   0.00e+00  2.08e+02   -6.468494e+01   3.651112e+01
   4 4.4355055826e+04  -1.19e-04  2.08e-02   -3.090103e+02   9.844460e+01

After 4 iterations the fit converged.
final sum of squares of residuals : 44355.1
rel. change during last iteration : -1.1938e-09

degrees of freedom    (FIT_NDF)                        : 10
rms of residuals      (FIT_STDFIT) = sqrt(WSSR/ndf)    : 66.5996
variance of residuals (reduced chisquare) = WSSR/ndf   : 4435.51

Final set of parameters            Asymptotic Standard Error
=======================            ==========================
a               = -309.01          +/- 44.92        (14.54%)
b               = 98.4446          +/- 5.703        (5.794%)

correlation matrix of the fit parameters:
                a      b      
a               1.000 
b              -0.904  1.000 


*******************************************************************************
Mon Feb 20 18:50:22 2023


FIT:    data read from "data.dat" using 1:2
        format = x:z
        #datapoints = 12
        residuals are weighted equally (unit weight)

function used for fitting: g(x)
	g(x) = c*d*log(x)
fitted parameters initialized with current variable values

iter      chisq       delta/lim  lambda   c             d            
   0 3.1142971569e+06   0.00e+00  7.88e+00    1.000000e+00   1.000000e+00
   4 2.5424535175e+05  -4.27e-03  7.88e-03    7.936328e+00   7.936328e+00

After 4 iterations the fit converged.
final sum of squares of residuals : 254245
rel. change during last iteration : -4.26692e-08

degrees of freedom    (FIT_NDF)                        : 10
rms of residuals      (FIT_STDFIT) = sqrt(WSSR/ndf)    : 159.451
variance of residuals (reduced chisquare) = WSSR/ndf   : 25424.5

Final set of parameters            Asymptotic Standard Error
=======================            ==========================
c               = 7.93633          +/- 6.547e+15    (8.249e+16%)
d               = 7.93633          +/- 6.547e+15    (8.249e+16%)

correlation matrix of the fit parameters:
                c      d      
c               1.000 
d              -1.000  1.000 


*******************************************************************************
Mon Feb 20 18:50:44 2023


FIT:    data read from "data.dat" using 1:4
        format = x:z
        #datapoints = 12
        residuals are weighted equally (unit weight)

function used for fitting: g(x)
	g(x) = c*d*log(x)
fitted parameters initialized with current variable values

iter      chisq       delta/lim  lambda   c             d            
   0 1.4282361451e+06   0.00e+00  4.96e+02    7.936328e+00   7.936328e+00
   3 1.1832802405e+06  -4.58e-05  4.96e-01    9.006979e+00   9.006979e+00

After 3 iterations the fit converged.
final sum of squares of residuals : 1.18328e+06
rel. change during last iteration : -4.58407e-10

degrees of freedom    (FIT_NDF)                        : 10
rms of residuals      (FIT_STDFIT) = sqrt(WSSR/ndf)    : 343.988
variance of residuals (reduced chisquare) = WSSR/ndf   : 118328

Final set of parameters            Asymptotic Standard Error
=======================            ==========================
c               = 9.00698          +/- 1.327e+13    (1.474e+14%)
d               = 9.00698          +/- 1.327e+13    (1.474e+14%)

correlation matrix of the fit parameters:
                c      d      
c               1.000 
d              -1.000  1.000 


*******************************************************************************
Mon Feb 20 18:51:04 2023


FIT:    data read from "data.dat" using 1:4
        format = x:z
        #datapoints = 12
        residuals are weighted equally (unit weight)

function used for fitting: g(x)
	g(x) = c*d*log(x)
fitted parameters initialized with current variable values

iter      chisq       delta/lim  lambda   c             d            
   0 1.1832802405e+06   0.00e+00  6.39e+02    9.006979e+00   9.006979e+00
   1 1.1832802405e+06  -1.97e-11  6.39e+01    9.006979e+00   9.006979e+00

After 1 iterations the fit converged.
final sum of squares of residuals : 1.18328e+06
rel. change during last iteration : -1.96767e-16

degrees of freedom    (FIT_NDF)                        : 10
rms of residuals      (FIT_STDFIT) = sqrt(WSSR/ndf)    : 343.988
variance of residuals (reduced chisquare) = WSSR/ndf   : 118328

Final set of parameters            Asymptotic Standard Error
=======================            ==========================
c               = 9.00698          +/- 2.788e+13    (3.095e+14%)
d               = 9.00698          +/- 2.788e+13    (3.095e+14%)

correlation matrix of the fit parameters:
                c      d      
c               1.000 
d              -1.000  1.000 


*******************************************************************************
Thu Feb 23 15:15:22 2023


FIT:    data read from "reset_walk_3.dat" using 1:2
        format = x:z
        #datapoints = 31
        residuals are weighted equally (unit weight)

function used for fitting: f3(x)
	f3(x) = a*(exp(b,sqrt(x))-1)/x
fitted parameters initialized with current variable values

iter      chisq       delta/lim  lambda   a             b            
   0 9.9928048808e+04   0.00e+00  9.56e+00    1.000000e+00   1.000000e+00
BREAK: Singular matrix in Invert_RtR

*******************************************************************************
Thu Feb 23 15:15:56 2023


FIT:    data read from "reset_walk_3.dat" using 1:2
        format = x:z
        #datapoints = 31
        residuals are weighted equally (unit weight)

function used for fitting: f3(x)
	f3(x) = a*(exp(b,(x)^(1/2))-1)/x
fitted parameters initialized with current variable values



*******************************************************************************
Thu Feb 23 15:16:59 2023


FIT:    data read from "reset_walk_3.dat" using 1:2
        format = x:z
        #datapoints = 31
        residuals are weighted equally (unit weight)

function used for fitting: f3(x)
	f3(x) = a*(exp(b*sqrt(x))-1)/x
fitted parameters initialized with current variable values

iter      chisq       delta/lim  lambda   a             b            
   0 5.3744146592e+03   0.00e+00  9.41e+01    1.000000e+00   4.840121e+00
   4 1.0487505526e+03  -2.38e-01  9.41e-03    6.896593e-01   5.827321e+00

After 4 iterations the fit converged.
final sum of squares of residuals : 1048.75
rel. change during last iteration : -2.38381e-06

degrees of freedom    (FIT_NDF)                        : 29
rms of residuals      (FIT_STDFIT) = sqrt(WSSR/ndf)    : 6.01364
variance of residuals (reduced chisquare) = WSSR/ndf   : 36.1638

Final set of parameters            Asymptotic Standard Error
=======================            ==========================
a               = 0.689659         +/- 0.02201      (3.192%)
b               = 5.82732          +/- 0.102        (1.751%)

correlation matrix of the fit parameters:
                a      b      
a               1.000 
b              -0.872  1.000 


*******************************************************************************
Thu Feb 23 15:19:09 2023


FIT:    data read from "reset_walk_3.dat" using 1:2
        format = x:z
        x range restricted to [0.00000 : 23.0000]
        #datapoints = 31
        residuals are weighted equally (unit weight)

function used for fitting: f3(x)
	f3(x) = a*(exp(b*sqrt(x))-1)/x
fitted parameters initialized with current variable values

iter      chisq       delta/lim  lambda   a             b            
   0 1.0487505526e+03   0.00e+00  1.02e+02    6.896593e-01   5.827321e+00
   1 1.0487505081e+03  -4.25e-03  1.02e+01    6.896649e-01   5.827288e+00

After 1 iterations the fit converged.
final sum of squares of residuals : 1048.75
rel. change during last iteration : -4.24971e-08

degrees of freedom    (FIT_NDF)                        : 29
rms of residuals      (FIT_STDFIT) = sqrt(WSSR/ndf)    : 6.01364
variance of residuals (reduced chisquare) = WSSR/ndf   : 36.1638

Final set of parameters            Asymptotic Standard Error
=======================            ==========================
a               = 0.689665         +/- 0.02201      (3.192%)
b               = 5.82729          +/- 0.102        (1.751%)

correlation matrix of the fit parameters:
                a      b      
a               1.000 
b              -0.872  1.000 


*******************************************************************************
Thu Feb 23 15:23:40 2023


FIT:    data read from "reset_walk_3.dat" using 1:2
        format = x:z
        x range restricted to [0.00000 : 23.0000]
        #datapoints = 31
        residuals are weighted equally (unit weight)

function used for fitting: f3(x)
	f3(x) = a*(exp(b*sqrt(x))-1)/x
fitted parameters initialized with current variable values

iter      chisq       delta/lim  lambda   a             b            
   0 1.0487505081e+03   0.00e+00  1.02e+02    6.896649e-01   5.827288e+00
   1 1.0487504974e+03  -1.01e-03  1.02e+01    6.896668e-01   5.827280e+00

After 1 iterations the fit converged.
final sum of squares of residuals : 1048.75
rel. change during last iteration : -1.01459e-08

degrees of freedom    (FIT_NDF)                        : 29
rms of residuals      (FIT_STDFIT) = sqrt(WSSR/ndf)    : 6.01364
variance of residuals (reduced chisquare) = WSSR/ndf   : 36.1638

Final set of parameters            Asymptotic Standard Error
=======================            ==========================
a               = 0.689667         +/- 0.02201      (3.192%)
b               = 5.82728          +/- 0.102        (1.751%)

correlation matrix of the fit parameters:
                a      b      
a               1.000 
b              -0.872  1.000 


*******************************************************************************
Thu Feb 23 15:26:08 2023


FIT:    data read from "reset_walk_3.dat" using 1:2
        format = x:z
        x range restricted to [0.00000 : 20.0000]
        #datapoints = 31
        residuals are weighted equally (unit weight)

function used for fitting: f3(x)
	f3(x) = a*(exp(b*sqrt(x))-1)/x
fitted parameters initialized with current variable values

iter      chisq       delta/lim  lambda   a             b            
   0 1.0487504974e+03   0.00e+00  1.02e+02    6.896668e-01   5.827280e+00
   1 1.0487504943e+03  -2.96e-04  1.02e+01    6.896673e-01   5.827277e+00

After 1 iterations the fit converged.
final sum of squares of residuals : 1048.75
rel. change during last iteration : -2.95776e-09

degrees of freedom    (FIT_NDF)                        : 29
rms of residuals      (FIT_STDFIT) = sqrt(WSSR/ndf)    : 6.01364
variance of residuals (reduced chisquare) = WSSR/ndf   : 36.1638

Final set of parameters            Asymptotic Standard Error
=======================            ==========================
a               = 0.689667         +/- 0.02201      (3.192%)
b               = 5.82728          +/- 0.102        (1.751%)

correlation matrix of the fit parameters:
                a      b      
a               1.000 
b              -0.872  1.000 


*******************************************************************************
Thu Feb 23 15:28:27 2023


FIT:    data read from "reset_walk_3.dat" using 1:2
        format = x:z
        x range restricted to [0.00000 : 20.0000]
        #datapoints = 31
        residuals are weighted equally (unit weight)

function used for fitting: f3(x)
	f3(x) = a*(exp(b*sqrt(x))-1)/x
fitted parameters initialized with current variable values

iter      chisq       delta/lim  lambda   a             b            
   0 1.0487504943e+03   0.00e+00  1.02e+02    6.896673e-01   5.827277e+00
   1 1.0487504934e+03  -8.92e-05  1.02e+01    6.896675e-01   5.827277e+00

After 1 iterations the fit converged.
final sum of squares of residuals : 1048.75
rel. change during last iteration : -8.91816e-10

degrees of freedom    (FIT_NDF)                        : 29
rms of residuals      (FIT_STDFIT) = sqrt(WSSR/ndf)    : 6.01364
variance of residuals (reduced chisquare) = WSSR/ndf   : 36.1638

Final set of parameters            Asymptotic Standard Error
=======================            ==========================
a               = 0.689668         +/- 0.02201      (3.192%)
b               = 5.82728          +/- 0.102        (1.751%)

correlation matrix of the fit parameters:
                a      b      
a               1.000 
b              -0.872  1.000 


*******************************************************************************
Thu Feb 23 15:28:57 2023


FIT:    data read from "reset_walk_3.dat" using 1:2
        format = x:z
        #datapoints = 31
        residuals are weighted equally (unit weight)

function used for fitting: f3(x)
	f3(x) = a*(exp(b*sqrt(x))-1)/x
fitted parameters initialized with current variable values

iter      chisq       delta/lim  lambda   a             b            
   0 1.0487504934e+03   0.00e+00  1.02e+02    6.896675e-01   5.827277e+00
   1 1.0487504931e+03  -2.71e-05  1.02e+01    6.896676e-01   5.827276e+00

After 1 iterations the fit converged.
final sum of squares of residuals : 1048.75
rel. change during last iteration : -2.71039e-10

degrees of freedom    (FIT_NDF)                        : 29
rms of residuals      (FIT_STDFIT) = sqrt(WSSR/ndf)    : 6.01364
variance of residuals (reduced chisquare) = WSSR/ndf   : 36.1638

Final set of parameters            Asymptotic Standard Error
=======================            ==========================
a               = 0.689668         +/- 0.02201      (3.192%)
b               = 5.82728          +/- 0.102        (1.751%)

correlation matrix of the fit parameters:
                a      b      
a               1.000 
b              -0.872  1.000 


*******************************************************************************
Thu Feb 23 15:29:17 2023


FIT:    data read from "reset_walk_3.dat" using 1:2
        format = x:z
        #datapoints = 31
        residuals are weighted equally (unit weight)

function used for fitting: f3(x)
	f3(x) = a*(exp(b*sqrt(x))-1)/x
fitted parameters initialized with current variable values

iter      chisq       delta/lim  lambda   a             b            
   0 1.0487504931e+03   0.00e+00  1.02e+02    6.896676e-01   5.827276e+00
   1 1.0487504930e+03  -8.26e-06  1.02e+01    6.896676e-01   5.827276e+00

After 1 iterations the fit converged.
final sum of squares of residuals : 1048.75
rel. change during last iteration : -8.25543e-11

degrees of freedom    (FIT_NDF)                        : 29
rms of residuals      (FIT_STDFIT) = sqrt(WSSR/ndf)    : 6.01364
variance of residuals (reduced chisquare) = WSSR/ndf   : 36.1638

Final set of parameters            Asymptotic Standard Error
=======================            ==========================
a               = 0.689668         +/- 0.02201      (3.192%)
b               = 5.82728          +/- 0.102        (1.751%)

correlation matrix of the fit parameters:
                a      b      
a               1.000 
b              -0.872  1.000 


*******************************************************************************
Thu Feb 23 15:30:03 2023


FIT:    data read from "reset_walk_3.dat" using 1:2
        format = x:z
        x range restricted to [0.00000 : 0.100000]
        #datapoints = 23
        residuals are weighted equally (unit weight)

function used for fitting: f3(x)
	f3(x) = a*(exp(b*sqrt(x))-1)/x
fitted parameters initialized with current variable values

iter      chisq       delta/lim  lambda   a             b            
   0 2.4807957300e+02   0.00e+00  8.26e+01    6.896676e-01   5.827276e+00
   5 4.3116218681e+01  -2.15e-05  8.26e+00    9.232433e-01   4.579694e+00

After 5 iterations the fit converged.
final sum of squares of residuals : 43.1162
rel. change during last iteration : -2.15282e-10

degrees of freedom    (FIT_NDF)                        : 21
rms of residuals      (FIT_STDFIT) = sqrt(WSSR/ndf)    : 1.43288
variance of residuals (reduced chisquare) = WSSR/ndf   : 2.05315

Final set of parameters            Asymptotic Standard Error
=======================            ==========================
a               = 0.923243         +/- 0.03181      (3.445%)
b               = 4.57969          +/- 0.1352       (2.953%)

correlation matrix of the fit parameters:
                a      b      
a               1.000 
b              -0.993  1.000 


*******************************************************************************
Thu Feb 23 15:35:17 2023


FIT:    data read from "reset_walk_5.dat" using 1:2
        format = x:z
        x range restricted to [0.00000 : 0.100000]
        #datapoints = 23
        residuals are weighted equally (unit weight)

function used for fitting: f5(x)
	f5(x) = a*(exp(b,(x)^(1/2))-1)/x
fitted parameters initialized with current variable values



*******************************************************************************
Thu Feb 23 15:35:40 2023


FIT:    data read from "reset_walk_5.dat" using 1:2
        format = x:z
        x range restricted to [0.00000 : 0.100000]
        #datapoints = 23
        residuals are weighted equally (unit weight)

function used for fitting: f5(x)
	f5(x) = a*(exp(b*sqrt(x))-1)/x
fitted parameters initialized with current variable values

iter      chisq       delta/lim  lambda   a             b            
   0 3.4095612546e+05   0.00e+00  1.58e+01    1.000000e+00   1.000000e+00
   7 4.0270178968e+01  -1.08e-02  1.58e-04    9.351065e-01   7.495237e+00

After 7 iterations the fit converged.
final sum of squares of residuals : 40.2702
rel. change during last iteration : -1.07953e-07

degrees of freedom    (FIT_NDF)                        : 21
rms of residuals      (FIT_STDFIT) = sqrt(WSSR/ndf)    : 1.38478
variance of residuals (reduced chisquare) = WSSR/ndf   : 1.91763

Final set of parameters            Asymptotic Standard Error
=======================            ==========================
a               = 0.935107         +/- 0.008336     (0.8914%)
b               = 7.49524          +/- 0.04878      (0.6509%)

correlation matrix of the fit parameters:
                a      b      
a               1.000 
b              -0.972  1.000 


*******************************************************************************
Thu Feb 23 15:36:38 2023


FIT:    data read from "reset_walk_8.dat" using 1:2
        format = x:z
        x range restricted to [0.00000 : 0.100000]
        #datapoints = 23
        residuals are weighted equally (unit weight)

function used for fitting: f8(x)
	f8(x) = a*(exp(b*sqrt(x))-1)/x
fitted parameters initialized with current variable values

iter      chisq       delta/lim  lambda   a             b            
   0 5.4285139235e+05   0.00e+00  1.64e+02    9.351065e-01   7.495237e+00
   5 7.1249143822e+02  -2.68e-01  1.64e-03    9.186577e-01   1.202564e+01

After 5 iterations the fit converged.
final sum of squares of residuals : 712.491
rel. change during last iteration : -2.68249e-06

degrees of freedom    (FIT_NDF)                        : 21
rms of residuals      (FIT_STDFIT) = sqrt(WSSR/ndf)    : 5.82479
variance of residuals (reduced chisquare) = WSSR/ndf   : 33.9282

Final set of parameters            Asymptotic Standard Error
=======================            ==========================
a               = 0.918658         +/- 0.009609     (1.046%)
b               = 12.0256          +/- 0.0586       (0.4873%)

correlation matrix of the fit parameters:
                a      b      
a               1.000 
b              -0.911  1.000 


*******************************************************************************
Mon Feb 27 14:57:44 2023


FIT:    data read from "reset_walk_5.dat" using 1:2
        format = x:z
        x range restricted to [0.00000 : 0.100000]
        #datapoints = 23
        residuals are weighted equally (unit weight)

function used for fitting: f5(x)
fitted parameters initialized with current variable values



*******************************************************************************
Mon Feb 27 14:58:05 2023


FIT:    data read from "percol.dat" using 3:2
        format = x:z
        #datapoints = 49
        residuals are weighted equally (unit weight)

function used for fitting: f(x)
	f(x) = a*x^b
fitted parameters initialized with current variable values



*******************************************************************************
Mon Feb 27 14:59:34 2023


FIT:    data read from "percol.dat" using 3:2
        format = x:z
        #datapoints = 49
        residuals are weighted equally (unit weight)

function used for fitting: f(x)
	f(x) = a*x**b
fitted parameters initialized with current variable values

iter      chisq       delta/lim  lambda   a             b            
   0 5.2151402290e+10   0.00e+00  9.42e+02    1.000000e+00   1.000000e+00
  27 4.2077645099e+07  -6.46e-03  9.42e-01    1.292766e+00   1.821069e+00

After 27 iterations the fit converged.
final sum of squares of residuals : 4.20776e+07
rel. change during last iteration : -6.46389e-08

degrees of freedom    (FIT_NDF)                        : 47
rms of residuals      (FIT_STDFIT) = sqrt(WSSR/ndf)    : 946.187
variance of residuals (reduced chisquare) = WSSR/ndf   : 895269

Final set of parameters            Asymptotic Standard Error
=======================            ==========================
a               = 1.29277          +/- 0.139        (10.75%)
b               = 1.82107          +/- 0.0185       (1.016%)

correlation matrix of the fit parameters:
                a      b      
a               1.000 
b              -0.999  1.000 


*******************************************************************************
Mon Feb 27 15:51:37 2023


FIT:    data read from "percol.dat" using 3:2
        format = x:z
        #datapoints = 49
        residuals are weighted equally (unit weight)

function used for fitting: f(x)
	f(x) = a*x**b
fitted parameters initialized with current variable values

iter      chisq       delta/lim  lambda   a             b            
   0 5.2151402290e+10   0.00e+00  9.42e+02    1.000000e+00   1.000000e+00
  27 4.2077645099e+07  -6.46e-03  9.42e-01    1.292766e+00   1.821069e+00

After 27 iterations the fit converged.
final sum of squares of residuals : 4.20776e+07
rel. change during last iteration : -6.46389e-08

degrees of freedom    (FIT_NDF)                        : 47
rms of residuals      (FIT_STDFIT) = sqrt(WSSR/ndf)    : 946.187
variance of residuals (reduced chisquare) = WSSR/ndf   : 895269

Final set of parameters            Asymptotic Standard Error
=======================            ==========================
a               = 1.29277          +/- 0.139        (10.75%)
b               = 1.82107          +/- 0.0185       (1.016%)

correlation matrix of the fit parameters:
                a      b      
a               1.000 
b              -0.999  1.000 
